# JRE version: Java(TM) SE Runtime Environment (7.0_65-b19) (build 1.7.0_65-b19)
# Java VM: Java HotSpot(TM) 64-Bit Server VM (24.65-b04 mixed mode windows-amd64 compressed oops)
Heap
 PSYoungGen      total 71680K, used 38716K [0x00000007d5900000, 0x00000007da400000, 0x0000000800000000)
  eden space 66560K, 50% used [0x00000007d5900000,0x00000007d79d6780,0x00000007d9a00000)
  from space 5120K, 99% used [0x00000007d9a00000,0x00000007d9ef8af0,0x00000007d9f00000)
  to   space 5120K, 0% used [0x00000007d9f00000,0x00000007d9f00000,0x00000007da400000)
 ParOldGen       total 86528K, used 30672K [0x0000000780c00000, 0x0000000786080000, 0x00000007d5900000)
  object space 86528K, 35% used [0x0000000780c00000,0x00000007829f4208,0x0000000786080000)
 PSPermGen       total 21504K, used 19848K [0x000000077ba00000, 0x000000077cf00000, 0x0000000780c00000)
  object space 21504K, 92% used [0x000000077ba00000,0x000000077cd62368,0x000000077cf00000)
GC Heap History (10 events):
Event: 2.388 GC heap before
{Heap before GC invocations=3 (full 0):
 PSYoungGen      total 38400K, used 38386K [0x00000007d5900000, 0x00000007d8380000, 0x0000000800000000)
  eden space 33280K, 100% used [0x00000007d5900000,0x00000007d7980000,0x00000007d7980000)
  from space 5120K, 99% used [0x00000007d7e80000,0x00000007d837cbb0,0x00000007d8380000)
  to   space 5120K, 0% used [0x00000007d7980000,0x00000007d7980000,0x00000007d7e80000)
 ParOldGen       total 86528K, used 1973K [0x0000000780c00000, 0x0000000786080000, 0x00000007d5900000)
  object space 86528K, 2% used [0x0000000780c00000,0x0000000780ded738,0x0000000786080000)
 PSPermGen       total 21504K, used 14939K [0x000000077ba00000, 0x000000077cf00000, 0x0000000780c00000)
  object space 21504K, 69% used [0x000000077ba00000,0x000000077c896f68,0x000000077cf00000)
Event: 2.401 GC heap after
Heap after GC invocations=3 (full 0):
 PSYoungGen      total 38400K, used 5088K [0x00000007d5900000, 0x00000007da400000, 0x0000000800000000)
  eden space 33280K, 0% used [0x00000007d5900000,0x00000007d5900000,0x00000007d7980000)
  from space 5120K, 99% used [0x00000007d7980000,0x00000007d7e78020,0x00000007d7e80000)
  to   space 5120K, 0% used [0x00000007d9f00000,0x00000007d9f00000,0x00000007da400000)
 ParOldGen       total 86528K, used 4350K [0x0000000780c00000, 0x0000000786080000, 0x00000007d5900000)
  object space 86528K, 5% used [0x0000000780c00000,0x000000078103fba8,0x0000000786080000)
 PSPermGen       total 21504K, used 14939K [0x000000077ba00000, 0x000000077cf00000, 0x0000000780c00000)
  object space 21504K, 69% used [0x000000077ba00000,0x000000077c896f68,0x000000077cf00000)
}
Event: 2.918 GC heap before
{Heap before GC invocations=4 (full 0):
 PSYoungGen      total 38400K, used 38368K [0x00000007d5900000, 0x00000007da400000, 0x0000000800000000)
  eden space 33280K, 100% used [0x00000007d5900000,0x00000007d7980000,0x00000007d7980000)
  from space 5120K, 99% used [0x00000007d7980000,0x00000007d7e78020,0x00000007d7e80000)
  to   space 5120K, 0% used [0x00000007d9f00000,0x00000007d9f00000,0x00000007da400000)
 ParOldGen       total 86528K, used 4350K [0x0000000780c00000, 0x0000000786080000, 0x00000007d5900000)
  object space 86528K, 5% used [0x0000000780c00000,0x000000078103fba8,0x0000000786080000)
 PSPermGen       total 21504K, used 15054K [0x000000077ba00000, 0x000000077cf00000, 0x0000000780c00000)
  object space 21504K, 70% used [0x000000077ba00000,0x000000077c8b3938,0x000000077cf00000)
Event: 2.933 GC heap after
Heap after GC invocations=4 (full 0):
 PSYoungGen      total 71680K, used 5120K [0x00000007d5900000, 0x00000007da400000, 0x0000000800000000)
  eden space 66560K, 0% used [0x00000007d5900000,0x00000007d5900000,0x00000007d9a00000)
  from space 5120K, 100% used [0x00000007d9f00000,0x00000007da400000,0x00000007da400000)
  to   space 5120K, 0% used [0x00000007d9a00000,0x00000007d9a00000,0x00000007d9f00000)
 ParOldGen       total 86528K, used 6771K [0x0000000780c00000, 0x0000000786080000, 0x00000007d5900000)
  object space 86528K, 7% used [0x0000000780c00000,0x000000078129ce90,0x0000000786080000)
 PSPermGen       total 21504K, used 15054K [0x000000077ba00000, 0x000000077cf00000, 0x0000000780c00000)
  object space 21504K, 70% used [0x000000077ba00000,0x000000077c8b3938,0x000000077cf00000)
}
Event: 3.876 GC heap before
{Heap before GC invocations=5 (full 0):
 PSYoungGen      total 71680K, used 71680K [0x00000007d5900000, 0x00000007da400000, 0x0000000800000000)
  eden space 66560K, 100% used [0x00000007d5900000,0x00000007d9a00000,0x00000007d9a00000)
  from space 5120K, 100% used [0x00000007d9f00000,0x00000007da400000,0x00000007da400000)
  to   space 5120K, 0% used [0x00000007d9a00000,0x00000007d9a00000,0x00000007d9f00000)
 ParOldGen       total 86528K, used 6771K [0x0000000780c00000, 0x0000000786080000, 0x00000007d5900000)
  object space 86528K, 7% used [0x0000000780c00000,0x000000078129ce90,0x0000000786080000)
 PSPermGen       total 21504K, used 15459K [0x000000077ba00000, 0x000000077cf00000, 0x0000000780c00000)
  object space 21504K, 71% used [0x000000077ba00000,0x000000077c918f10,0x000000077cf00000)
Event: 3.887 GC heap after
Heap after GC invocations=5 (full 0):
 PSYoungGen      total 71680K, used 5120K [0x00000007d5900000, 0x00000007da400000, 0x0000000800000000)
  eden space 66560K, 0% used [0x00000007d5900000,0x00000007d5900000,0x00000007d9a00000)
  from space 5120K, 100% used [0x00000007d9a00000,0x00000007d9f00000,0x00000007d9f00000)
  to   space 5120K, 0% used [0x00000007d9f00000,0x00000007d9f00000,0x00000007da400000)
 ParOldGen       total 86528K, used 10516K [0x0000000780c00000, 0x0000000786080000, 0x00000007d5900000)
  object space 86528K, 12% used [0x0000000780c00000,0x0000000781645360,0x0000000786080000)
 PSPermGen       total 21504K, used 15459K [0x000000077ba00000, 0x000000077cf00000, 0x0000000780c00000)
  object space 21504K, 71% used [0x000000077ba00000,0x000000077c918f10,0x000000077cf00000)
}
Event: 5.106 GC heap before
{Heap before GC invocations=6 (full 0):
 PSYoungGen      total 71680K, used 71680K [0x00000007d5900000, 0x00000007da400000, 0x0000000800000000)
  eden space 66560K, 100% used [0x00000007d5900000,0x00000007d9a00000,0x00000007d9a00000)
  from space 5120K, 100% used [0x00000007d9a00000,0x00000007d9f00000,0x00000007d9f00000)
  to   space 5120K, 0% used [0x00000007d9f00000,0x00000007d9f00000,0x00000007da400000)
 ParOldGen       total 86528K, used 10516K [0x0000000780c00000, 0x0000000786080000, 0x00000007d5900000)
  object space 86528K, 12% used [0x0000000780c00000,0x0000000781645360,0x0000000786080000)
 PSPermGen       total 21504K, used 19275K [0x000000077ba00000, 0x000000077cf00000, 0x0000000780c00000)
  object space 21504K, 89% used [0x000000077ba00000,0x000000077ccd2e08,0x000000077cf00000)
Event: 5.129 GC heap after
Heap after GC invocations=6 (full 0):
 PSYoungGen      total 71680K, used 5104K [0x00000007d5900000, 0x00000007da400000, 0x0000000800000000)
  eden space 66560K, 0% used [0x00000007d5900000,0x00000007d5900000,0x00000007d9a00000)
  from space 5120K, 99% used [0x00000007d9f00000,0x00000007da3fc030,0x00000007da400000)
  to   space 5120K, 0% used [0x00000007d9a00000,0x00000007d9a00000,0x00000007d9f00000)
 ParOldGen       total 86528K, used 26941K [0x0000000780c00000, 0x0000000786080000, 0x00000007d5900000)
  object space 86528K, 31% used [0x0000000780c00000,0x000000078264f568,0x0000000786080000)
 PSPermGen       total 21504K, used 19275K [0x000000077ba00000, 0x000000077cf00000, 0x0000000780c00000)
  object space 21504K, 89% used [0x000000077ba00000,0x000000077ccd2e08,0x000000077cf00000)
}
Event: 5.648 GC heap before
{Heap before GC invocations=7 (full 0):
 PSYoungGen      total 71680K, used 71664K [0x00000007d5900000, 0x00000007da400000, 0x0000000800000000)
  eden space 66560K, 100% used [0x00000007d5900000,0x00000007d9a00000,0x00000007d9a00000)
  from space 5120K, 99% used [0x00000007d9f00000,0x00000007da3fc030,0x00000007da400000)
  to   space 5120K, 0% used [0x00000007d9a00000,0x00000007d9a00000,0x00000007d9f00000)
 ParOldGen       total 86528K, used 26941K [0x0000000780c00000, 0x0000000786080000, 0x00000007d5900000)
  object space 86528K, 31% used [0x0000000780c00000,0x000000078264f568,0x0000000786080000)
 PSPermGen       total 21504K, used 19585K [0x000000077ba00000, 0x000000077cf00000, 0x0000000780c00000)
  object space 21504K, 91% used [0x000000077ba00000,0x000000077cd20650,0x000000077cf00000)
Event: 5.660 GC heap after
Heap after GC invocations=7 (full 0):
 PSYoungGen      total 71680K, used 5090K [0x00000007d5900000, 0x00000007da400000, 0x0000000800000000)
  eden space 66560K, 0% used [0x00000007d5900000,0x00000007d5900000,0x00000007d9a00000)
  from space 5120K, 99% used [0x00000007d9a00000,0x00000007d9ef8af0,0x00000007d9f00000)
  to   space 5120K, 0% used [0x00000007d9f00000,0x00000007d9f00000,0x00000007da400000)
 ParOldGen       total 86528K, used 30672K [0x0000000780c00000, 0x0000000786080000, 0x00000007d5900000)
  object space 86528K, 35% used [0x0000000780c00000,0x00000007829f4208,0x0000000786080000)
 PSPermGen       total 21504K, used 19585K [0x000000077ba00000, 0x000000077cf00000, 0x0000000780c00000)
  object space 21504K, 91% used [0x000000077ba00000,0x000000077cd20650,0x000000077cf00000)
}

